  Compiling CUDA source file kernels.cu...
  
  C:\Users\Parnia\Desktop\MH\SDR_VS_Version\SDR_VS_Version>"C:\Program Files\NVIDIA GPU Computing Toolkit\CUDA\v9.0\bin\nvcc.exe" -gencode=arch=compute_30,code=\"sm_30,compute_30\" --use-local-env --cl-version 2015 -ccbin "C:\Program Files (x86)\Microsoft Visual Studio 14.0\VC\bin\x86_amd64" -x cu  -I"C:\Program Files\NVIDIA GPU Computing Toolkit\CUDA\v9.0\include" -I"C:\Program Files\NVIDIA GPU Computing Toolkit\CUDA\v9.0\include"     --keep-dir x64\Release -maxrregcount=0  --machine 64 --compile -cudart static     -DWIN32 -DWIN64 -DNDEBUG -D_CONSOLE -D_MBCS -Xcompiler "/EHsc /W3 /nologo /O2 /FS /Zi  /MD " -o x64\Release\kernels.cu.obj "C:\Users\Parnia\Desktop\MH\SDR_VS_Version\SDR_VS_Version\kernels.cu" 
c:\users\parnia\desktop\mh\sdr_vs_version\sdr_vs_version\utils.h(78): warning : extra ";" ignored
c:\users\parnia\desktop\mh\sdr_vs_version\sdr_vs_version\utils.h(83): warning : extra ";" ignored
c:\users\parnia\desktop\mh\sdr_vs_version\sdr_vs_version\utils.h(118): warning : extra ";" ignored
c:\users\parnia\desktop\mh\sdr_vs_version\sdr_vs_version\utils.h(123): warning : extra ";" ignored
c:\users\parnia\desktop\mh\sdr_vs_version\sdr_vs_version\utils.h(129): warning : extra ";" ignored
C:/Users/Parnia/Desktop/MH/SDR_VS_Version/SDR_VS_Version/kernels.cu(100): warning : invalid narrowing conversion from "unsigned int" to "int"
C:/Users/Parnia/Desktop/MH/SDR_VS_Version/SDR_VS_Version/kernels.cu(91): warning : variable "startInterpInputIndex" was declared but never referenced
C:/Users/Parnia/Desktop/MH/SDR_VS_Version/SDR_VS_Version/kernels.cu(104): warning : variable "resample_nFromPrev_local" was declared but never referenced
C:/Users/Parnia/Desktop/MH/SDR_VS_Version/SDR_VS_Version/kernels.cu(105): warning : variable "interpIndexPos" was declared but never referenced
C:/Users/Parnia/Desktop/MH/SDR_VS_Version/SDR_VS_Version/kernels.cu(105): warning : variable "interpClockPhase" was declared but never referenced
C:/Users/Parnia/Desktop/MH/SDR_VS_Version/SDR_VS_Version/kernels.cu(164): warning : invalid narrowing conversion from "unsigned int" to "int"
C:/Users/Parnia/Desktop/MH/SDR_VS_Version/SDR_VS_Version/kernels.cu(168): warning : invalid narrowing conversion from "unsigned int" to "int"
C:/Users/Parnia/Desktop/MH/SDR_VS_Version/SDR_VS_Version/kernels.cu(225): warning : invalid narrowing conversion from "unsigned int" to "int"
C:/Users/Parnia/Desktop/MH/SDR_VS_Version/SDR_VS_Version/kernels.cu(272): warning : variable "val0pre_Re" was declared but never referenced
C:/Users/Parnia/Desktop/MH/SDR_VS_Version/SDR_VS_Version/kernels.cu(272): warning : variable "val0pre_Im" was declared but never referenced
c:\users\parnia\desktop\mh\sdr_vs_version\sdr_vs_version\utils.h(78): warning : extra ";" ignored
c:\users\parnia\desktop\mh\sdr_vs_version\sdr_vs_version\utils.h(83): warning : extra ";" ignored
c:\users\parnia\desktop\mh\sdr_vs_version\sdr_vs_version\utils.h(118): warning : extra ";" ignored
c:\users\parnia\desktop\mh\sdr_vs_version\sdr_vs_version\utils.h(123): warning : extra ";" ignored
c:\users\parnia\desktop\mh\sdr_vs_version\sdr_vs_version\utils.h(129): warning : extra ";" ignored
C:/Users/Parnia/Desktop/MH/SDR_VS_Version/SDR_VS_Version/kernels.cu(100): warning : invalid narrowing conversion from "unsigned int" to "int"
C:/Users/Parnia/Desktop/MH/SDR_VS_Version/SDR_VS_Version/kernels.cu(91): warning : variable "startInterpInputIndex" was declared but never referenced
C:/Users/Parnia/Desktop/MH/SDR_VS_Version/SDR_VS_Version/kernels.cu(104): warning : variable "resample_nFromPrev_local" was declared but never referenced
C:/Users/Parnia/Desktop/MH/SDR_VS_Version/SDR_VS_Version/kernels.cu(105): warning : variable "interpIndexPos" was declared but never referenced
C:/Users/Parnia/Desktop/MH/SDR_VS_Version/SDR_VS_Version/kernels.cu(105): warning : variable "interpClockPhase" was declared but never referenced
C:/Users/Parnia/Desktop/MH/SDR_VS_Version/SDR_VS_Version/kernels.cu(164): warning : invalid narrowing conversion from "unsigned int" to "int"
C:/Users/Parnia/Desktop/MH/SDR_VS_Version/SDR_VS_Version/kernels.cu(168): warning : invalid narrowing conversion from "unsigned int" to "int"
C:/Users/Parnia/Desktop/MH/SDR_VS_Version/SDR_VS_Version/kernels.cu(225): warning : invalid narrowing conversion from "unsigned int" to "int"
C:/Users/Parnia/Desktop/MH/SDR_VS_Version/SDR_VS_Version/kernels.cu(272): warning : variable "val0pre_Re" was declared but never referenced
C:/Users/Parnia/Desktop/MH/SDR_VS_Version/SDR_VS_Version/kernels.cu(272): warning : variable "val0pre_Im" was declared but never referenced
  kernels.cu
c:\users\parnia\desktop\mh\sdr_vs_version\sdr_vs_version\utils.h(152): warning C4244: '=': conversion from 'std::streamoff' to 'uint32_t', possible loss of data
C:/Users/Parnia/Desktop/MH/SDR_VS_Version/SDR_VS_Version/kernels.cu(68): warning C4244: '=': conversion from 'double' to 'int', possible loss of data
C:/Users/Parnia/Desktop/MH/SDR_VS_Version/SDR_VS_Version/kernels.cu(263): warning C4244: 'initializing': conversion from 'double' to 'float', possible loss of data
C:/Users/Parnia/Desktop/MH/SDR_VS_Version/SDR_VS_Version/kernels.cu(263): warning C4244: 'initializing': conversion from 'double' to 'const float', possible loss of data
C:/Users/Parnia/Desktop/MH/SDR_VS_Version/SDR_VS_Version/kernels.cu(306): warning C4244: '=': conversion from 'float' to 'int', possible loss of data
C:/Users/Parnia/Desktop/MH/SDR_VS_Version/SDR_VS_Version/kernels.cu(356): warning C4244: 'argument': conversion from 'double' to 'float', possible loss of data
C:/Users/Parnia/Desktop/MH/SDR_VS_Version/SDR_VS_Version/kernels.cu(357): warning C4244: 'argument': conversion from 'double' to 'float', possible loss of data
C:/Users/Parnia/Desktop/MH/SDR_VS_Version/SDR_VS_Version/kernels.cu(366): warning C4244: '=': conversion from 'double' to 'float', possible loss of data
C:/Users/Parnia/Desktop/MH/SDR_VS_Version/SDR_VS_Version/kernels.cu(367): warning C4244: '=': conversion from 'double' to 'float', possible loss of data
C:/Users/Parnia/Desktop/MH/SDR_VS_Version/SDR_VS_Version/kernels.cu(431): warning C4018: '<=': signed/unsigned mismatch
C:/Users/Parnia/Desktop/MH/SDR_VS_Version/SDR_VS_Version/kernels.cu(523): warning C4244: 'argument': conversion from 'float' to 'const int', possible loss of data
  Generating code
  8 of 243 functions ( 3.3%) were compiled, the rest were copied from previous compilation.
    0 functions were new in current compilation
    1 functions had inline decision re-evaluated but remain unchanged
  Finished generating code
  SDR_VS_Version.vcxproj -> C:\Users\Parnia\Desktop\MH\SDR_VS_Version\x64\Release\SDR_VS_Version.exe
  SDR_VS_Version.vcxproj -> C:\Users\Parnia\Desktop\MH\SDR_VS_Version\x64\Release\SDR_VS_Version.pdb (Full PDB)
  copy "C:\Program Files\NVIDIA GPU Computing Toolkit\CUDA\v9.0\bin\cudart*.dll" "C:\Users\Parnia\Desktop\MH\SDR_VS_Version\x64\Release\"
  C:\Program Files\NVIDIA GPU Computing Toolkit\CUDA\v9.0\bin\cudart32_90.dll
  C:\Program Files\NVIDIA GPU Computing Toolkit\CUDA\v9.0\bin\cudart64_90.dll
          2 file(s) copied.
